  Text.cpp
c:\users\user\documents\visual studio 2015\projects\summerproject\summerproject\summerproject\text.cpp(37): warning C4838: conversion from 'int' to 'Uint8' requires a narrowing conversion
  Ship.cpp
c:\users\user\documents\visual studio 2015\projects\summerproject\summerproject\summerproject\ship.cpp(13): warning C4244: '=': conversion from 'int' to 'float', possible loss of data
c:\users\user\documents\visual studio 2015\projects\summerproject\summerproject\summerproject\ship.cpp(14): warning C4244: '=': conversion from 'int' to 'float', possible loss of data
c:\users\user\documents\visual studio 2015\projects\summerproject\summerproject\summerproject\ship.cpp(19): warning C4244: '=': conversion from 'float' to 'int', possible loss of data
c:\users\user\documents\visual studio 2015\projects\summerproject\summerproject\summerproject\ship.cpp(20): warning C4244: '=': conversion from 'float' to 'int', possible loss of data
c:\users\user\documents\visual studio 2015\projects\summerproject\summerproject\summerproject\ship.cpp(61): warning C4244: '=': conversion from 'float' to 'int', possible loss of data
c:\users\user\documents\visual studio 2015\projects\summerproject\summerproject\summerproject\ship.cpp(62): warning C4244: '=': conversion from 'float' to 'int', possible loss of data
c:\users\user\documents\visual studio 2015\projects\summerproject\summerproject\summerproject\ship.cpp(81): warning C4244: '=': conversion from 'float' to 'int', possible loss of data
c:\users\user\documents\visual studio 2015\projects\summerproject\summerproject\summerproject\ship.cpp(82): warning C4244: '=': conversion from 'float' to 'int', possible loss of data
c:\users\user\documents\visual studio 2015\projects\summerproject\summerproject\summerproject\ship.cpp(90): warning C4244: '=': conversion from 'float' to 'int', possible loss of data
c:\users\user\documents\visual studio 2015\projects\summerproject\summerproject\summerproject\ship.cpp(91): warning C4244: '=': conversion from 'float' to 'int', possible loss of data
c:\users\user\documents\visual studio 2015\projects\summerproject\summerproject\summerproject\ship.cpp(124): warning C4244: '=': conversion from 'int' to 'float', possible loss of data
c:\users\user\documents\visual studio 2015\projects\summerproject\summerproject\summerproject\ship.cpp(125): warning C4244: '=': conversion from 'int' to 'float', possible loss of data
  Settings.cpp
c:\users\user\documents\visual studio 2015\projects\summerproject\summerproject\summerproject\settings.h(145): warning C4091: 'static ': ignored on left of 'Settings' when no variable is declared
  Missiles.cpp
c:\users\user\documents\visual studio 2015\projects\summerproject\summerproject\summerproject\settings.h(145): warning C4091: 'static ': ignored on left of 'Settings' when no variable is declared
c:\users\user\documents\visual studio 2015\projects\summerproject\summerproject\summerproject\missiles.cpp(6): warning C4244: '=': conversion from 'int' to 'float', possible loss of data
c:\users\user\documents\visual studio 2015\projects\summerproject\summerproject\summerproject\missiles.cpp(7): warning C4244: '=': conversion from 'int' to 'float', possible loss of data
c:\users\user\documents\visual studio 2015\projects\summerproject\summerproject\summerproject\missiles.cpp(8): warning C4244: '=': conversion from 'int' to 'float', possible loss of data
c:\users\user\documents\visual studio 2015\projects\summerproject\summerproject\summerproject\missiles.cpp(33): warning C4244: '=': conversion from 'int' to 'float', possible loss of data
c:\users\user\documents\visual studio 2015\projects\summerproject\summerproject\summerproject\missiles.cpp(33): warning C4244: '=': conversion from 'float' to 'int', possible loss of data
c:\users\user\documents\visual studio 2015\projects\summerproject\summerproject\summerproject\missiles.cpp(34): warning C4244: '=': conversion from 'int' to 'float', possible loss of data
c:\users\user\documents\visual studio 2015\projects\summerproject\summerproject\summerproject\missiles.cpp(34): warning C4244: '=': conversion from 'float' to 'int', possible loss of data
c:\users\user\documents\visual studio 2015\projects\summerproject\summerproject\summerproject\missiles.cpp(37): warning C4244: '=': conversion from 'int' to 'float', possible loss of data
c:\users\user\documents\visual studio 2015\projects\summerproject\summerproject\summerproject\missiles.cpp(43): warning C4244: 'initializing': conversion from 'int' to 'float', possible loss of data
c:\users\user\documents\visual studio 2015\projects\summerproject\summerproject\summerproject\missiles.cpp(48): warning C4244: '=': conversion from 'int' to 'float', possible loss of data
c:\users\user\documents\visual studio 2015\projects\summerproject\summerproject\summerproject\missiles.cpp(49): warning C4244: '=': conversion from 'int' to 'float', possible loss of data
c:\users\user\documents\visual studio 2015\projects\summerproject\summerproject\summerproject\missiles.cpp(53): warning C4018: '<': signed/unsigned mismatch
c:\users\user\documents\visual studio 2015\projects\summerproject\summerproject\summerproject\missiles.cpp(61): warning C4244: '=': conversion from 'int' to 'float', possible loss of data
c:\users\user\documents\visual studio 2015\projects\summerproject\summerproject\summerproject\missiles.cpp(62): warning C4244: '=': conversion from 'int' to 'float', possible loss of data
c:\users\user\documents\visual studio 2015\projects\summerproject\summerproject\summerproject\missiles.cpp(74): warning C4244: '=': conversion from 'double' to 'float', possible loss of data
c:\users\user\documents\visual studio 2015\projects\summerproject\summerproject\summerproject\missiles.cpp(77): warning C4244: '+=': conversion from 'double' to 'float', possible loss of data
c:\users\user\documents\visual studio 2015\projects\summerproject\summerproject\summerproject\missiles.cpp(78): warning C4244: '+=': conversion from 'double' to 'float', possible loss of data
c:\users\user\documents\visual studio 2015\projects\summerproject\summerproject\summerproject\missiles.cpp(87): warning C4244: '=': conversion from 'float' to 'int', possible loss of data
c:\users\user\documents\visual studio 2015\projects\summerproject\summerproject\summerproject\missiles.cpp(88): warning C4244: '=': conversion from 'float' to 'int', possible loss of data
c:\users\user\documents\visual studio 2015\projects\summerproject\summerproject\summerproject\missiles.cpp(92): warning C4244: '=': conversion from 'float' to 'int', possible loss of data
c:\users\user\documents\visual studio 2015\projects\summerproject\summerproject\summerproject\missiles.cpp(93): warning C4244: '=': conversion from 'float' to 'int', possible loss of data
c:\users\user\documents\visual studio 2015\projects\summerproject\summerproject\summerproject\missiles.cpp(189): warning C4244: 'argument': conversion from 'int' to 'float', possible loss of data
c:\users\user\documents\visual studio 2015\projects\summerproject\summerproject\summerproject\missiles.cpp(196): warning C4244: 'argument': conversion from 'int' to 'float', possible loss of data
  main.cpp
c:\users\user\documents\visual studio 2015\projects\summerproject\summerproject\summerproject\settings.h(145): warning C4091: 'static ': ignored on left of 'Settings' when no variable is declared
  GameLoop.cpp
c:\users\user\documents\visual studio 2015\projects\summerproject\summerproject\summerproject\settings.h(145): warning C4091: 'static ': ignored on left of 'Settings' when no variable is declared
c:\users\user\documents\visual studio 2015\projects\summerproject\summerproject\summerproject\gameloop.cpp(10): warning C4018: '<': signed/unsigned mismatch
c:\users\user\documents\visual studio 2015\projects\summerproject\summerproject\summerproject\gameloop.cpp(42): warning C4018: '<': signed/unsigned mismatch
c:\users\user\documents\visual studio 2015\projects\summerproject\summerproject\summerproject\gameloop.cpp(44): warning C4018: '<': signed/unsigned mismatch
c:\users\user\documents\visual studio 2015\projects\summerproject\summerproject\summerproject\gameloop.cpp(46): warning C4244: 'argument': conversion from 'float' to 'int', possible loss of data
c:\users\user\documents\visual studio 2015\projects\summerproject\summerproject\summerproject\gameloop.cpp(49): warning C4244: '+=': conversion from 'float' to 'int', possible loss of data
c:\users\user\documents\visual studio 2015\projects\summerproject\summerproject\summerproject\gameloop.cpp(58): warning C4018: '<': signed/unsigned mismatch
c:\users\user\documents\visual studio 2015\projects\summerproject\summerproject\summerproject\gameloop.cpp(61): warning C4244: 'argument': conversion from 'int' to 'float', possible loss of data
c:\users\user\documents\visual studio 2015\projects\summerproject\summerproject\summerproject\gameloop.cpp(71): warning C4018: '<': signed/unsigned mismatch
c:\users\user\documents\visual studio 2015\projects\summerproject\summerproject\summerproject\gameloop.cpp(73): warning C4018: '<': signed/unsigned mismatch
c:\users\user\documents\visual studio 2015\projects\summerproject\summerproject\summerproject\gameloop.cpp(75): warning C4244: 'argument': conversion from 'float' to 'int', possible loss of data
c:\users\user\documents\visual studio 2015\projects\summerproject\summerproject\summerproject\gameloop.cpp(78): warning C4244: '+=': conversion from 'float' to 'int', possible loss of data
c:\users\user\documents\visual studio 2015\projects\summerproject\summerproject\summerproject\gameloop.cpp(87): warning C4018: '<': signed/unsigned mismatch
c:\users\user\documents\visual studio 2015\projects\summerproject\summerproject\summerproject\gameloop.cpp(90): warning C4244: 'argument': conversion from 'int' to 'float', possible loss of data
c:\users\user\documents\visual studio 2015\projects\summerproject\summerproject\summerproject\gameloop.cpp(102): warning C4018: '<': signed/unsigned mismatch
c:\users\user\documents\visual studio 2015\projects\summerproject\summerproject\summerproject\gameloop.cpp(104): warning C4018: '<': signed/unsigned mismatch
c:\users\user\documents\visual studio 2015\projects\summerproject\summerproject\summerproject\gameloop.cpp(106): warning C4244: 'argument': conversion from 'float' to 'int', possible loss of data
c:\users\user\documents\visual studio 2015\projects\summerproject\summerproject\summerproject\gameloop.cpp(113): warning C4244: '+=': conversion from 'float' to 'int', possible loss of data
c:\users\user\documents\visual studio 2015\projects\summerproject\summerproject\summerproject\gameloop.cpp(122): warning C4018: '<': signed/unsigned mismatch
c:\users\user\documents\visual studio 2015\projects\summerproject\summerproject\summerproject\gameloop.cpp(125): warning C4244: 'argument': conversion from 'int' to 'float', possible loss of data
c:\users\user\documents\visual studio 2015\projects\summerproject\summerproject\summerproject\gameloop.cpp(224): warning C4244: 'argument': conversion from 'float' to 'int', possible loss of data
c:\users\user\documents\visual studio 2015\projects\summerproject\summerproject\summerproject\gameloop.cpp(231): warning C4018: '<': signed/unsigned mismatch
c:\users\user\documents\visual studio 2015\projects\summerproject\summerproject\summerproject\gameloop.cpp(241): warning C4244: '-=': conversion from 'float' to 'int', possible loss of data
c:\users\user\documents\visual studio 2015\projects\summerproject\summerproject\summerproject\gameloop.cpp(248): warning C4244: '-=': conversion from 'float' to 'int', possible loss of data
c:\users\user\documents\visual studio 2015\projects\summerproject\summerproject\summerproject\gameloop.cpp(255): warning C4244: '-=': conversion from 'float' to 'int', possible loss of data
c:\users\user\documents\visual studio 2015\projects\summerproject\summerproject\summerproject\gameloop.cpp(269): warning C4018: '<': signed/unsigned mismatch
c:\users\user\documents\visual studio 2015\projects\summerproject\summerproject\summerproject\gameloop.cpp(272): warning C4244: 'argument': conversion from 'int' to 'float', possible loss of data
c:\users\user\documents\visual studio 2015\projects\summerproject\summerproject\summerproject\gameloop.cpp(283): warning C4018: '<': signed/unsigned mismatch
c:\users\user\documents\visual studio 2015\projects\summerproject\summerproject\summerproject\gameloop.cpp(291): warning C4838: conversion from 'float' to 'int' requires a narrowing conversion
c:\users\user\documents\visual studio 2015\projects\summerproject\summerproject\summerproject\gameloop.cpp(291): warning C4244: 'initializing': conversion from 'float' to 'int', possible loss of data
c:\users\user\documents\visual studio 2015\projects\summerproject\summerproject\summerproject\gameloop.cpp(292): warning C4244: 'argument': conversion from 'float' to 'int', possible loss of data
c:\users\user\documents\visual studio 2015\projects\summerproject\summerproject\summerproject\gameloop.cpp(312): warning C4244: 'argument': conversion from 'float' to 'int', possible loss of data
c:\users\user\documents\visual studio 2015\projects\summerproject\summerproject\summerproject\gameloop.cpp(329): warning C4244: '=': conversion from 'double' to 'int', possible loss of data
c:\users\user\documents\visual studio 2015\projects\summerproject\summerproject\summerproject\gameloop.cpp(330): warning C4244: '=': conversion from 'double' to 'int', possible loss of data
c:\users\user\documents\visual studio 2015\projects\summerproject\summerproject\summerproject\gameloop.cpp(331): warning C4244: '=': conversion from 'double' to 'int', possible loss of data
c:\users\user\documents\visual studio 2015\projects\summerproject\summerproject\summerproject\gameloop.cpp(807): warning C4244: '=': conversion from 'Uint32' to 'float', possible loss of data
c:\users\user\documents\visual studio 2015\projects\summerproject\summerproject\summerproject\gameloop.cpp(813): warning C4244: '=': conversion from 'float' to 'int', possible loss of data
c:\users\user\documents\visual studio 2015\projects\summerproject\summerproject\summerproject\gameloop.cpp(814): warning C4244: '=': conversion from 'float' to 'int', possible loss of data
c:\users\user\documents\visual studio 2015\projects\summerproject\summerproject\summerproject\gameloop.cpp(1029): warning C4244: '=': conversion from 'double' to 'float', possible loss of data
c:\users\user\documents\visual studio 2015\projects\summerproject\summerproject\summerproject\gameloop.cpp(1038): warning C4244: 'argument': conversion from 'float' to 'Uint32', possible loss of data
c:\users\user\documents\visual studio 2015\projects\summerproject\summerproject\summerproject\gameloop.cpp(1265): warning C4244: '+=': conversion from 'double' to 'int', possible loss of data
c:\users\user\documents\visual studio 2015\projects\summerproject\summerproject\summerproject\gameloop.cpp(1273): warning C4244: '+=': conversion from 'float' to 'int', possible loss of data
c:\users\user\documents\visual studio 2015\projects\summerproject\summerproject\summerproject\gameloop.cpp(1423): warning C4244: 'return': conversion from 'double' to 'float', possible loss of data
  Game.cpp
c:\users\user\documents\visual studio 2015\projects\summerproject\summerproject\summerproject\settings.h(145): warning C4091: 'static ': ignored on left of 'Settings' when no variable is declared
c:\users\user\documents\visual studio 2015\projects\summerproject\summerproject\summerproject\game.cpp(175): warning C4244: 'argument': conversion from 'double' to 'int', possible loss of data
c:\users\user\documents\visual studio 2015\projects\summerproject\summerproject\summerproject\game.cpp(176): warning C4244: 'argument': conversion from 'double' to 'int', possible loss of data
c:\users\user\documents\visual studio 2015\projects\summerproject\summerproject\summerproject\game.cpp(177): warning C4244: 'argument': conversion from 'double' to 'int', possible loss of data
c:\users\user\documents\visual studio 2015\projects\summerproject\summerproject\summerproject\game.cpp(178): warning C4244: 'argument': conversion from 'double' to 'int', possible loss of data
c:\users\user\documents\visual studio 2015\projects\summerproject\summerproject\summerproject\game.cpp(180): warning C4244: 'argument': conversion from 'double' to 'int', possible loss of data
c:\users\user\documents\visual studio 2015\projects\summerproject\summerproject\summerproject\game.cpp(181): warning C4244: 'argument': conversion from 'double' to 'int', possible loss of data
c:\users\user\documents\visual studio 2015\projects\summerproject\summerproject\summerproject\game.cpp(182): warning C4244: 'argument': conversion from 'double' to 'int', possible loss of data
c:\users\user\documents\visual studio 2015\projects\summerproject\summerproject\summerproject\game.cpp(184): warning C4244: 'argument': conversion from 'double' to 'int', possible loss of data
c:\users\user\documents\visual studio 2015\projects\summerproject\summerproject\summerproject\game.cpp(192): warning C4244: 'initializing': conversion from 'double' to 'int', possible loss of data
c:\users\user\documents\visual studio 2015\projects\summerproject\summerproject\summerproject\game.cpp(298): warning C4244: 'argument': conversion from 'int' to 'float', possible loss of data
c:\users\user\documents\visual studio 2015\projects\summerproject\summerproject\summerproject\game.cpp(311): warning C4244: 'argument': conversion from 'int' to 'float', possible loss of data
c:\users\user\documents\visual studio 2015\projects\summerproject\summerproject\summerproject\game.cpp(324): warning C4244: 'argument': conversion from 'int' to 'float', possible loss of data
c:\users\user\documents\visual studio 2015\projects\summerproject\summerproject\summerproject\game.cpp(337): warning C4244: 'argument': conversion from 'int' to 'float', possible loss of data
c:\users\user\documents\visual studio 2015\projects\summerproject\summerproject\summerproject\game.cpp(350): warning C4244: 'argument': conversion from 'int' to 'float', possible loss of data
c:\users\user\documents\visual studio 2015\projects\summerproject\summerproject\summerproject\game.cpp(363): warning C4244: 'argument': conversion from 'int' to 'float', possible loss of data
c:\users\user\documents\visual studio 2015\projects\summerproject\summerproject\summerproject\game.cpp(376): warning C4244: 'argument': conversion from 'int' to 'float', possible loss of data
c:\users\user\documents\visual studio 2015\projects\summerproject\summerproject\summerproject\game.cpp(389): warning C4244: 'argument': conversion from 'int' to 'float', possible loss of data
c:\users\user\documents\visual studio 2015\projects\summerproject\summerproject\summerproject\game.cpp(405): warning C4018: '<': signed/unsigned mismatch
c:\users\user\documents\visual studio 2015\projects\summerproject\summerproject\summerproject\game.cpp(430): warning C4018: '<': signed/unsigned mismatch
c:\users\user\documents\visual studio 2015\projects\summerproject\summerproject\summerproject\game.cpp(463): warning C4018: '<': signed/unsigned mismatch
  Flak.cpp
c:\users\user\documents\visual studio 2015\projects\summerproject\summerproject\summerproject\settings.h(145): warning C4091: 'static ': ignored on left of 'Settings' when no variable is declared
c:\users\user\documents\visual studio 2015\projects\summerproject\summerproject\summerproject\flak.cpp(26): warning C4244: 'initializing': conversion from 'int' to 'float', possible loss of data
c:\users\user\documents\visual studio 2015\projects\summerproject\summerproject\summerproject\flak.cpp(27): warning C4244: 'initializing': conversion from 'int' to 'float', possible loss of data
c:\users\user\documents\visual studio 2015\projects\summerproject\summerproject\summerproject\flak.cpp(43): warning C4244: '=': conversion from 'int' to 'float', possible loss of data
c:\users\user\documents\visual studio 2015\projects\summerproject\summerproject\summerproject\flak.cpp(43): warning C4244: '=': conversion from 'float' to 'int', possible loss of data
c:\users\user\documents\visual studio 2015\projects\summerproject\summerproject\summerproject\flak.cpp(44): warning C4244: '=': conversion from 'int' to 'float', possible loss of data
c:\users\user\documents\visual studio 2015\projects\summerproject\summerproject\summerproject\flak.cpp(44): warning C4244: '=': conversion from 'float' to 'int', possible loss of data
c:\users\user\documents\visual studio 2015\projects\summerproject\summerproject\summerproject\flak.cpp(47): warning C4244: '=': conversion from 'int' to 'float', possible loss of data
c:\users\user\documents\visual studio 2015\projects\summerproject\summerproject\summerproject\flak.cpp(53): warning C4244: '=': conversion from 'float' to 'int', possible loss of data
c:\users\user\documents\visual studio 2015\projects\summerproject\summerproject\summerproject\flak.cpp(54): warning C4244: '=': conversion from 'float' to 'int', possible loss of data
c:\users\user\documents\visual studio 2015\projects\summerproject\summerproject\summerproject\flak.cpp(57): warning C4244: '=': conversion from 'float' to 'int', possible loss of data
c:\users\user\documents\visual studio 2015\projects\summerproject\summerproject\summerproject\flak.cpp(58): warning C4244: '=': conversion from 'float' to 'int', possible loss of data
c:\users\user\documents\visual studio 2015\projects\summerproject\summerproject\summerproject\flak.cpp(119): warning C4244: 'argument': conversion from 'int' to 'float', possible loss of data
  Enemy.cpp
c:\users\user\documents\visual studio 2015\projects\summerproject\summerproject\summerproject\settings.h(145): warning C4091: 'static ': ignored on left of 'Settings' when no variable is declared
c:\users\user\documents\visual studio 2015\projects\summerproject\summerproject\summerproject\enemy.cpp(26): warning C4244: '=': conversion from 'int' to 'float', possible loss of data
c:\users\user\documents\visual studio 2015\projects\summerproject\summerproject\summerproject\enemy.cpp(27): warning C4244: '=': conversion from 'int' to 'float', possible loss of data
c:\users\user\documents\visual studio 2015\projects\summerproject\summerproject\summerproject\enemy.cpp(32): warning C4244: '=': conversion from 'int' to 'float', possible loss of data
c:\users\user\documents\visual studio 2015\projects\summerproject\summerproject\summerproject\enemy.cpp(55): warning C4244: '=': conversion from 'double' to 'int', possible loss of data
c:\users\user\documents\visual studio 2015\projects\summerproject\summerproject\summerproject\enemy.cpp(56): warning C4244: '=': conversion from 'double' to 'int', possible loss of data
c:\users\user\documents\visual studio 2015\projects\summerproject\summerproject\summerproject\enemy.cpp(57): warning C4244: '=': conversion from 'double' to 'float', possible loss of data
c:\users\user\documents\visual studio 2015\projects\summerproject\summerproject\summerproject\enemy.cpp(68): warning C4244: '=': conversion from 'double' to 'int', possible loss of data
c:\users\user\documents\visual studio 2015\projects\summerproject\summerproject\summerproject\enemy.cpp(94): warning C4244: '=': conversion from 'double' to 'int', possible loss of data
c:\users\user\documents\visual studio 2015\projects\summerproject\summerproject\summerproject\enemy.cpp(121): warning C4244: '=': conversion from 'double' to 'int', possible loss of data
c:\users\user\documents\visual studio 2015\projects\summerproject\summerproject\summerproject\enemy.cpp(168): warning C4244: '=': conversion from 'float' to 'int', possible loss of data
c:\users\user\documents\visual studio 2015\projects\summerproject\summerproject\summerproject\enemy.cpp(169): warning C4244: '=': conversion from 'float' to 'int', possible loss of data
c:\users\user\documents\visual studio 2015\projects\summerproject\summerproject\summerproject\enemy.cpp(214): warning C4244: '=': conversion from 'double' to 'float', possible loss of data
c:\users\user\documents\visual studio 2015\projects\summerproject\summerproject\summerproject\enemy.cpp(231): warning C4244: '=': conversion from 'float' to 'int', possible loss of data
c:\users\user\documents\visual studio 2015\projects\summerproject\summerproject\summerproject\enemy.cpp(235): warning C4244: '=': conversion from 'float' to 'int', possible loss of data
c:\users\user\documents\visual studio 2015\projects\summerproject\summerproject\summerproject\enemy.cpp(241): warning C4244: '=': conversion from 'float' to 'int', possible loss of data
c:\users\user\documents\visual studio 2015\projects\summerproject\summerproject\summerproject\enemy.cpp(245): warning C4244: '=': conversion from 'float' to 'int', possible loss of data
c:\users\user\documents\visual studio 2015\projects\summerproject\summerproject\summerproject\enemy.cpp(254): warning C4244: '=': conversion from 'float' to 'int', possible loss of data
c:\users\user\documents\visual studio 2015\projects\summerproject\summerproject\summerproject\enemy.cpp(258): warning C4244: '=': conversion from 'float' to 'int', possible loss of data
c:\users\user\documents\visual studio 2015\projects\summerproject\summerproject\summerproject\enemy.cpp(264): warning C4244: '=': conversion from 'float' to 'int', possible loss of data
c:\users\user\documents\visual studio 2015\projects\summerproject\summerproject\summerproject\enemy.cpp(268): warning C4244: '=': conversion from 'float' to 'int', possible loss of data
c:\users\user\documents\visual studio 2015\projects\summerproject\summerproject\summerproject\enemy.cpp(290): warning C4244: '=': conversion from 'float' to 'int', possible loss of data
c:\users\user\documents\visual studio 2015\projects\summerproject\summerproject\summerproject\enemy.cpp(294): warning C4244: '=': conversion from 'float' to 'int', possible loss of data
c:\users\user\documents\visual studio 2015\projects\summerproject\summerproject\summerproject\enemy.cpp(300): warning C4244: '=': conversion from 'float' to 'int', possible loss of data
c:\users\user\documents\visual studio 2015\projects\summerproject\summerproject\summerproject\enemy.cpp(304): warning C4244: '=': conversion from 'float' to 'int', possible loss of data
c:\users\user\documents\visual studio 2015\projects\summerproject\summerproject\summerproject\enemy.cpp(313): warning C4244: '=': conversion from 'float' to 'int', possible loss of data
c:\users\user\documents\visual studio 2015\projects\summerproject\summerproject\summerproject\enemy.cpp(317): warning C4244: '=': conversion from 'float' to 'int', possible loss of data
c:\users\user\documents\visual studio 2015\projects\summerproject\summerproject\summerproject\enemy.cpp(323): warning C4244: '=': conversion from 'float' to 'int', possible loss of data
c:\users\user\documents\visual studio 2015\projects\summerproject\summerproject\summerproject\enemy.cpp(327): warning C4244: '=': conversion from 'float' to 'int', possible loss of data
c:\users\user\documents\visual studio 2015\projects\summerproject\summerproject\summerproject\enemy.cpp(359): warning C4244: '=': conversion from 'float' to 'int', possible loss of data
c:\users\user\documents\visual studio 2015\projects\summerproject\summerproject\summerproject\enemy.cpp(363): warning C4244: '=': conversion from 'float' to 'int', possible loss of data
c:\users\user\documents\visual studio 2015\projects\summerproject\summerproject\summerproject\enemy.cpp(370): warning C4244: '=': conversion from 'float' to 'int', possible loss of data
c:\users\user\documents\visual studio 2015\projects\summerproject\summerproject\summerproject\enemy.cpp(374): warning C4244: '=': conversion from 'float' to 'int', possible loss of data
c:\users\user\documents\visual studio 2015\projects\summerproject\summerproject\summerproject\enemy.cpp(395): warning C4244: '=': conversion from 'int' to 'float', possible loss of data
c:\users\user\documents\visual studio 2015\projects\summerproject\summerproject\summerproject\enemy.cpp(395): warning C4244: '=': conversion from 'float' to 'int', possible loss of data
c:\users\user\documents\visual studio 2015\projects\summerproject\summerproject\summerproject\enemy.cpp(396): warning C4244: '=': conversion from 'int' to 'float', possible loss of data
c:\users\user\documents\visual studio 2015\projects\summerproject\summerproject\summerproject\enemy.cpp(396): warning C4244: '=': conversion from 'float' to 'int', possible loss of data
c:\users\user\documents\visual studio 2015\projects\summerproject\summerproject\summerproject\enemy.cpp(412): warning C4244: '=': conversion from 'float' to 'int', possible loss of data
c:\users\user\documents\visual studio 2015\projects\summerproject\summerproject\summerproject\enemy.cpp(413): warning C4244: '=': conversion from 'float' to 'int', possible loss of data
c:\users\user\documents\visual studio 2015\projects\summerproject\summerproject\summerproject\enemy.cpp(416): warning C4244: '=': conversion from 'float' to 'int', possible loss of data
c:\users\user\documents\visual studio 2015\projects\summerproject\summerproject\summerproject\enemy.cpp(417): warning C4244: '=': conversion from 'float' to 'int', possible loss of data
c:\users\user\documents\visual studio 2015\projects\summerproject\summerproject\summerproject\enemy.cpp(433): warning C4244: 'argument': conversion from 'float' to 'int', possible loss of data
c:\users\user\documents\visual studio 2015\projects\summerproject\summerproject\summerproject\enemy.cpp(443): warning C4244: '=': conversion from 'float' to 'int', possible loss of data
c:\users\user\documents\visual studio 2015\projects\summerproject\summerproject\summerproject\enemy.cpp(444): warning C4244: '=': conversion from 'float' to 'int', possible loss of data
c:\users\user\documents\visual studio 2015\projects\summerproject\summerproject\summerproject\enemy.cpp(452): warning C4244: '=': conversion from 'float' to 'int', possible loss of data
c:\users\user\documents\visual studio 2015\projects\summerproject\summerproject\summerproject\enemy.cpp(453): warning C4244: '=': conversion from 'float' to 'int', possible loss of data
c:\users\user\documents\visual studio 2015\projects\summerproject\summerproject\summerproject\enemy.cpp(483): warning C4244: '=': conversion from 'double' to 'int', possible loss of data
c:\users\user\documents\visual studio 2015\projects\summerproject\summerproject\summerproject\enemy.cpp(488): warning C4244: '=': conversion from 'double' to 'int', possible loss of data
c:\users\user\documents\visual studio 2015\projects\summerproject\summerproject\summerproject\enemy.cpp(497): warning C4244: 'initializing': conversion from 'float' to 'int', possible loss of data
c:\users\user\documents\visual studio 2015\projects\summerproject\summerproject\summerproject\enemy.cpp(534): warning C4244: 'argument': conversion from 'double' to 'int', possible loss of data
c:\users\user\documents\visual studio 2015\projects\summerproject\summerproject\summerproject\enemy.cpp(550): warning C4244: 'argument': conversion from 'double' to 'int', possible loss of data
c:\users\user\documents\visual studio 2015\projects\summerproject\summerproject\summerproject\enemy.cpp(551): warning C4244: 'argument': conversion from 'double' to 'int', possible loss of data
c:\users\user\documents\visual studio 2015\projects\summerproject\summerproject\summerproject\enemy.cpp(552): warning C4244: 'argument': conversion from 'double' to 'int', possible loss of data
c:\users\user\documents\visual studio 2015\projects\summerproject\summerproject\summerproject\enemy.cpp(553): warning C4244: 'argument': conversion from 'double' to 'int', possible loss of data
c:\users\user\documents\visual studio 2015\projects\summerproject\summerproject\summerproject\enemy.cpp(554): warning C4244: 'argument': conversion from 'double' to 'int', possible loss of data
c:\users\user\documents\visual studio 2015\projects\summerproject\summerproject\summerproject\enemy.cpp(569): warning C4244: 'argument': conversion from 'double' to 'int', possible loss of data
c:\users\user\documents\visual studio 2015\projects\summerproject\summerproject\summerproject\enemy.cpp(580): warning C4244: 'initializing': conversion from 'int' to 'float', possible loss of data
c:\users\user\documents\visual studio 2015\projects\summerproject\summerproject\summerproject\enemy.cpp(583): warning C4244: 'argument': conversion from 'double' to 'int', possible loss of data
c:\users\user\documents\visual studio 2015\projects\summerproject\summerproject\summerproject\enemy.cpp(596): warning C4244: 'argument': conversion from 'double' to 'int', possible loss of data
  Button.cpp
  Bullet.cpp
c:\users\user\documents\visual studio 2015\projects\summerproject\summerproject\summerproject\settings.h(145): warning C4091: 'static ': ignored on left of 'Settings' when no variable is declared
c:\users\user\documents\visual studio 2015\projects\summerproject\summerproject\summerproject\bullet.cpp(34): warning C4244: '=': conversion from 'int' to 'float', possible loss of data
c:\users\user\documents\visual studio 2015\projects\summerproject\summerproject\summerproject\bullet.cpp(34): warning C4244: '=': conversion from 'float' to 'int', possible loss of data
c:\users\user\documents\visual studio 2015\projects\summerproject\summerproject\summerproject\bullet.cpp(35): warning C4244: '=': conversion from 'int' to 'float', possible loss of data
c:\users\user\documents\visual studio 2015\projects\summerproject\summerproject\summerproject\bullet.cpp(35): warning C4244: '=': conversion from 'float' to 'int', possible loss of data
c:\users\user\documents\visual studio 2015\projects\summerproject\summerproject\summerproject\bullet.cpp(38): warning C4244: '=': conversion from 'int' to 'float', possible loss of data
c:\users\user\documents\visual studio 2015\projects\summerproject\summerproject\summerproject\bullet.cpp(44): warning C4244: '=': conversion from 'float' to 'int', possible loss of data
c:\users\user\documents\visual studio 2015\projects\summerproject\summerproject\summerproject\bullet.cpp(45): warning C4244: '=': conversion from 'float' to 'int', possible loss of data
c:\users\user\documents\visual studio 2015\projects\summerproject\summerproject\summerproject\bullet.cpp(48): warning C4244: '=': conversion from 'float' to 'int', possible loss of data
c:\users\user\documents\visual studio 2015\projects\summerproject\summerproject\summerproject\bullet.cpp(49): warning C4244: '=': conversion from 'float' to 'int', possible loss of data
  BackgroundStar.cpp
c:\users\user\documents\visual studio 2015\projects\summerproject\summerproject\summerproject\backgroundstar.cpp(6): warning C4244: '=': conversion from 'int' to 'float', possible loss of data
c:\users\user\documents\visual studio 2015\projects\summerproject\summerproject\summerproject\backgroundstar.cpp(7): warning C4244: '=': conversion from 'int' to 'float', possible loss of data
c:\users\user\documents\visual studio 2015\projects\summerproject\summerproject\summerproject\backgroundstar.cpp(42): warning C4244: '=': conversion from 'int' to 'float', possible loss of data
c:\users\user\documents\visual studio 2015\projects\summerproject\summerproject\summerproject\backgroundstar.cpp(44): warning C4244: '=': conversion from 'int' to 'float', possible loss of data
c:\users\user\documents\visual studio 2015\projects\summerproject\summerproject\summerproject\backgroundstar.cpp(58): warning C4838: conversion from 'float' to 'int' requires a narrowing conversion
c:\users\user\documents\visual studio 2015\projects\summerproject\summerproject\summerproject\backgroundstar.cpp(58): warning C4244: 'initializing': conversion from 'float' to 'int', possible loss of data
  Generating Code...
  SummerProject.vcxproj -> C:\Users\User\Documents\Visual Studio 2015\Projects\SummerProject\SummerProject\Debug\SummerProject.exe
  SummerProject.vcxproj -> C:\Users\User\Documents\Visual Studio 2015\Projects\SummerProject\SummerProject\Debug\SummerProject.pdb (Partial PDB)
