c:\users\user\documents\visual studio 2015\projects\summerproject\summerproject\summerproject\debug\vc140.pdb
c:\users\user\documents\visual studio 2015\projects\summerproject\summerproject\summerproject\debug\vc140.idb
c:\users\user\documents\visual studio 2015\projects\summerproject\summerproject\summerproject\debug\bullet.obj
c:\users\user\documents\visual studio 2015\projects\summerproject\summerproject\summerproject\debug\button.obj
c:\users\user\documents\visual studio 2015\projects\summerproject\summerproject\summerproject\debug\enemy.obj
c:\users\user\documents\visual studio 2015\projects\summerproject\summerproject\summerproject\debug\game.obj
c:\users\user\documents\visual studio 2015\projects\summerproject\summerproject\summerproject\debug\gameloop.obj
c:\users\user\documents\visual studio 2015\projects\summerproject\summerproject\summerproject\debug\main.obj
c:\users\user\documents\visual studio 2015\projects\summerproject\summerproject\summerproject\debug\settings.obj
c:\users\user\documents\visual studio 2015\projects\summerproject\summerproject\summerproject\debug\ship.obj
c:\users\user\documents\visual studio 2015\projects\summerproject\summerproject\summerproject\debug\text.obj
c:\users\user\documents\visual studio 2015\projects\summerproject\summerproject\debug\summerproject.ilk
c:\users\user\documents\visual studio 2015\projects\summerproject\summerproject\debug\summerproject.exe
c:\users\user\documents\visual studio 2015\projects\summerproject\summerproject\debug\summerproject.pdb
c:\users\user\documents\visual studio 2015\projects\summerproject\summerproject\summerproject\debug\summerproject.tlog\cl.command.1.tlog
c:\users\user\documents\visual studio 2015\projects\summerproject\summerproject\summerproject\debug\summerproject.tlog\cl.read.1.tlog
c:\users\user\documents\visual studio 2015\projects\summerproject\summerproject\summerproject\debug\summerproject.tlog\cl.write.1.tlog
c:\users\user\documents\visual studio 2015\projects\summerproject\summerproject\summerproject\debug\summerproject.tlog\link.command.1.tlog
c:\users\user\documents\visual studio 2015\projects\summerproject\summerproject\summerproject\debug\summerproject.tlog\link.read.1.tlog
c:\users\user\documents\visual studio 2015\projects\summerproject\summerproject\summerproject\debug\summerproject.tlog\link.write.1.tlog
