c:\users\user\documents\visual studio 2015\projects\summerproject\summerproject\summerproject\release\vc141.pdb
c:\users\user\documents\visual studio 2015\projects\summerproject\summerproject\summerproject\release\text.obj
c:\users\user\documents\visual studio 2015\projects\summerproject\summerproject\summerproject\release\ship.obj
c:\users\user\documents\visual studio 2015\projects\summerproject\summerproject\summerproject\release\settings.obj
c:\users\user\documents\visual studio 2015\projects\summerproject\summerproject\summerproject\release\missiles.obj
c:\users\user\documents\visual studio 2015\projects\summerproject\summerproject\summerproject\release\main.obj
c:\users\user\documents\visual studio 2015\projects\summerproject\summerproject\summerproject\release\gameloop.obj
c:\users\user\documents\visual studio 2015\projects\summerproject\summerproject\summerproject\release\game.obj
c:\users\user\documents\visual studio 2015\projects\summerproject\summerproject\summerproject\release\flak.obj
c:\users\user\documents\visual studio 2015\projects\summerproject\summerproject\summerproject\release\enemy.obj
c:\users\user\documents\visual studio 2015\projects\summerproject\summerproject\summerproject\release\button.obj
c:\users\user\documents\visual studio 2015\projects\summerproject\summerproject\summerproject\release\bullet.obj
c:\users\user\documents\visual studio 2015\projects\summerproject\summerproject\summerproject\release\backgroundstar.obj
c:\users\user\documents\visual studio 2015\projects\summerproject\summerproject\release\summerproject.exe
c:\users\user\documents\visual studio 2015\projects\summerproject\summerproject\release\summerproject.pdb
c:\users\user\documents\visual studio 2015\projects\summerproject\summerproject\release\summerproject.ipdb
c:\users\user\documents\visual studio 2015\projects\summerproject\summerproject\release\summerproject.iobj
c:\users\user\documents\visual studio 2015\projects\summerproject\summerproject\summerproject\release\summerproject.tlog\cl.command.1.tlog
c:\users\user\documents\visual studio 2015\projects\summerproject\summerproject\summerproject\release\summerproject.tlog\cl.read.1.tlog
c:\users\user\documents\visual studio 2015\projects\summerproject\summerproject\summerproject\release\summerproject.tlog\cl.write.1.tlog
c:\users\user\documents\visual studio 2015\projects\summerproject\summerproject\summerproject\release\summerproject.tlog\link.command.1.tlog
c:\users\user\documents\visual studio 2015\projects\summerproject\summerproject\summerproject\release\summerproject.tlog\link.read.1.tlog
c:\users\user\documents\visual studio 2015\projects\summerproject\summerproject\summerproject\release\summerproject.tlog\link.write.1.tlog
c:\users\user\documents\visual studio 2015\projects\summerproject\summerproject\summerproject\release\summerproject.tlog\summerproject.write.1u.tlog
