  Bullet.cpp
c:\users\user\documents\visual studio 2015\projects\summerproject\summerproject\summerproject\Settings.h(152): warning C4091: 'static ': ignored on left of 'Settings' when no variable is declared
Bullet.cpp(34): warning C4244: '=': conversion from 'int' to 'float', possible loss of data
Bullet.cpp(34): warning C4244: '=': conversion from 'float' to 'int', possible loss of data
Bullet.cpp(35): warning C4244: '=': conversion from 'int' to 'float', possible loss of data
Bullet.cpp(35): warning C4244: '=': conversion from 'float' to 'int', possible loss of data
Bullet.cpp(38): warning C4244: '=': conversion from 'int' to 'float', possible loss of data
Bullet.cpp(44): warning C4244: '=': conversion from 'float' to 'int', possible loss of data
Bullet.cpp(45): warning C4244: '=': conversion from 'float' to 'int', possible loss of data
Bullet.cpp(48): warning C4244: '=': conversion from 'float' to 'int', possible loss of data
Bullet.cpp(49): warning C4244: '=': conversion from 'float' to 'int', possible loss of data
  Enemy.cpp
c:\users\user\documents\visual studio 2015\projects\summerproject\summerproject\summerproject\Settings.h(152): warning C4091: 'static ': ignored on left of 'Settings' when no variable is declared
Enemy.cpp(26): warning C4244: '=': conversion from 'int' to 'float', possible loss of data
Enemy.cpp(27): warning C4244: '=': conversion from 'int' to 'float', possible loss of data
Enemy.cpp(32): warning C4244: '=': conversion from 'int' to 'float', possible loss of data
Enemy.cpp(55): warning C4244: '=': conversion from 'double' to 'int', possible loss of data
Enemy.cpp(56): warning C4244: '=': conversion from 'double' to 'int', possible loss of data
Enemy.cpp(57): warning C4244: '=': conversion from 'double' to 'float', possible loss of data
Enemy.cpp(68): warning C4244: '=': conversion from 'double' to 'int', possible loss of data
Enemy.cpp(94): warning C4244: '=': conversion from 'double' to 'int', possible loss of data
Enemy.cpp(121): warning C4244: '=': conversion from 'double' to 'int', possible loss of data
Enemy.cpp(168): warning C4244: '=': conversion from 'float' to 'int', possible loss of data
Enemy.cpp(169): warning C4244: '=': conversion from 'float' to 'int', possible loss of data
Enemy.cpp(214): warning C4244: '=': conversion from 'double' to 'float', possible loss of data
Enemy.cpp(231): warning C4244: '=': conversion from 'float' to 'int', possible loss of data
Enemy.cpp(235): warning C4244: '=': conversion from 'float' to 'int', possible loss of data
Enemy.cpp(241): warning C4244: '=': conversion from 'float' to 'int', possible loss of data
Enemy.cpp(245): warning C4244: '=': conversion from 'float' to 'int', possible loss of data
Enemy.cpp(254): warning C4244: '=': conversion from 'float' to 'int', possible loss of data
Enemy.cpp(258): warning C4244: '=': conversion from 'float' to 'int', possible loss of data
Enemy.cpp(264): warning C4244: '=': conversion from 'float' to 'int', possible loss of data
Enemy.cpp(268): warning C4244: '=': conversion from 'float' to 'int', possible loss of data
Enemy.cpp(290): warning C4244: '=': conversion from 'float' to 'int', possible loss of data
Enemy.cpp(294): warning C4244: '=': conversion from 'float' to 'int', possible loss of data
Enemy.cpp(300): warning C4244: '=': conversion from 'float' to 'int', possible loss of data
Enemy.cpp(304): warning C4244: '=': conversion from 'float' to 'int', possible loss of data
Enemy.cpp(313): warning C4244: '=': conversion from 'float' to 'int', possible loss of data
Enemy.cpp(317): warning C4244: '=': conversion from 'float' to 'int', possible loss of data
Enemy.cpp(323): warning C4244: '=': conversion from 'float' to 'int', possible loss of data
Enemy.cpp(327): warning C4244: '=': conversion from 'float' to 'int', possible loss of data
Enemy.cpp(359): warning C4244: '=': conversion from 'float' to 'int', possible loss of data
Enemy.cpp(363): warning C4244: '=': conversion from 'float' to 'int', possible loss of data
Enemy.cpp(370): warning C4244: '=': conversion from 'float' to 'int', possible loss of data
Enemy.cpp(374): warning C4244: '=': conversion from 'float' to 'int', possible loss of data
Enemy.cpp(395): warning C4244: '=': conversion from 'int' to 'float', possible loss of data
Enemy.cpp(395): warning C4244: '=': conversion from 'float' to 'int', possible loss of data
Enemy.cpp(396): warning C4244: '=': conversion from 'int' to 'float', possible loss of data
Enemy.cpp(396): warning C4244: '=': conversion from 'float' to 'int', possible loss of data
Enemy.cpp(412): warning C4244: '=': conversion from 'float' to 'int', possible loss of data
Enemy.cpp(413): warning C4244: '=': conversion from 'float' to 'int', possible loss of data
Enemy.cpp(416): warning C4244: '=': conversion from 'float' to 'int', possible loss of data
Enemy.cpp(417): warning C4244: '=': conversion from 'float' to 'int', possible loss of data
Enemy.cpp(433): warning C4244: 'argument': conversion from 'float' to 'int', possible loss of data
Enemy.cpp(443): warning C4244: '=': conversion from 'float' to 'int', possible loss of data
Enemy.cpp(444): warning C4244: '=': conversion from 'float' to 'int', possible loss of data
Enemy.cpp(452): warning C4244: '=': conversion from 'float' to 'int', possible loss of data
Enemy.cpp(453): warning C4244: '=': conversion from 'float' to 'int', possible loss of data
Enemy.cpp(483): warning C4244: '=': conversion from 'double' to 'int', possible loss of data
Enemy.cpp(488): warning C4244: '=': conversion from 'double' to 'int', possible loss of data
Enemy.cpp(497): warning C4244: 'initializing': conversion from 'float' to 'int', possible loss of data
Enemy.cpp(534): warning C4244: 'argument': conversion from 'double' to 'int', possible loss of data
Enemy.cpp(550): warning C4244: 'argument': conversion from 'double' to 'int', possible loss of data
Enemy.cpp(551): warning C4244: 'argument': conversion from 'double' to 'int', possible loss of data
Enemy.cpp(552): warning C4244: 'argument': conversion from 'double' to 'int', possible loss of data
Enemy.cpp(553): warning C4244: 'argument': conversion from 'double' to 'int', possible loss of data
Enemy.cpp(554): warning C4244: 'argument': conversion from 'double' to 'int', possible loss of data
Enemy.cpp(569): warning C4244: 'argument': conversion from 'double' to 'int', possible loss of data
Enemy.cpp(580): warning C4244: 'initializing': conversion from 'int' to 'float', possible loss of data
Enemy.cpp(583): warning C4244: 'argument': conversion from 'double' to 'int', possible loss of data
Enemy.cpp(596): warning C4244: 'argument': conversion from 'double' to 'int', possible loss of data
  Flak.cpp
c:\users\user\documents\visual studio 2015\projects\summerproject\summerproject\summerproject\Settings.h(152): warning C4091: 'static ': ignored on left of 'Settings' when no variable is declared
Flak.cpp(26): warning C4244: 'initializing': conversion from 'int' to 'float', possible loss of data
Flak.cpp(27): warning C4244: 'initializing': conversion from 'int' to 'float', possible loss of data
Flak.cpp(43): warning C4244: '=': conversion from 'int' to 'float', possible loss of data
Flak.cpp(43): warning C4244: '=': conversion from 'float' to 'int', possible loss of data
Flak.cpp(44): warning C4244: '=': conversion from 'int' to 'float', possible loss of data
Flak.cpp(44): warning C4244: '=': conversion from 'float' to 'int', possible loss of data
Flak.cpp(47): warning C4244: '=': conversion from 'int' to 'float', possible loss of data
Flak.cpp(53): warning C4244: '=': conversion from 'float' to 'int', possible loss of data
Flak.cpp(54): warning C4244: '=': conversion from 'float' to 'int', possible loss of data
Flak.cpp(57): warning C4244: '=': conversion from 'float' to 'int', possible loss of data
Flak.cpp(58): warning C4244: '=': conversion from 'float' to 'int', possible loss of data
Flak.cpp(119): warning C4244: 'argument': conversion from 'int' to 'float', possible loss of data
  Game.cpp
c:\users\user\documents\visual studio 2015\projects\summerproject\summerproject\summerproject\Settings.h(152): warning C4091: 'static ': ignored on left of 'Settings' when no variable is declared
Game.cpp(170): warning C4244: 'argument': conversion from 'double' to 'int', possible loss of data
Game.cpp(171): warning C4244: 'argument': conversion from 'double' to 'int', possible loss of data
Game.cpp(172): warning C4244: 'argument': conversion from 'double' to 'int', possible loss of data
Game.cpp(173): warning C4244: 'argument': conversion from 'double' to 'int', possible loss of data
Game.cpp(175): warning C4244: 'argument': conversion from 'double' to 'int', possible loss of data
Game.cpp(176): warning C4244: 'argument': conversion from 'double' to 'int', possible loss of data
Game.cpp(177): warning C4244: 'argument': conversion from 'double' to 'int', possible loss of data
Game.cpp(179): warning C4244: 'argument': conversion from 'double' to 'int', possible loss of data
Game.cpp(187): warning C4244: 'initializing': conversion from 'double' to 'int', possible loss of data
Game.cpp(303): warning C4244: 'argument': conversion from 'int' to 'float', possible loss of data
Game.cpp(316): warning C4244: 'argument': conversion from 'int' to 'float', possible loss of data
Game.cpp(329): warning C4244: 'argument': conversion from 'int' to 'float', possible loss of data
Game.cpp(342): warning C4244: 'argument': conversion from 'int' to 'float', possible loss of data
Game.cpp(355): warning C4244: 'argument': conversion from 'int' to 'float', possible loss of data
Game.cpp(368): warning C4244: 'argument': conversion from 'int' to 'float', possible loss of data
Game.cpp(381): warning C4244: 'argument': conversion from 'int' to 'float', possible loss of data
Game.cpp(394): warning C4244: 'argument': conversion from 'int' to 'float', possible loss of data
Game.cpp(410): warning C4018: '<': signed/unsigned mismatch
Game.cpp(435): warning C4018: '<': signed/unsigned mismatch
Game.cpp(469): warning C4018: '<': signed/unsigned mismatch
  GameLoop.cpp
c:\users\user\documents\visual studio 2015\projects\summerproject\summerproject\summerproject\Settings.h(152): warning C4091: 'static ': ignored on left of 'Settings' when no variable is declared
GameLoop.cpp(10): warning C4018: '<': signed/unsigned mismatch
GameLoop.cpp(42): warning C4018: '<': signed/unsigned mismatch
GameLoop.cpp(44): warning C4018: '<': signed/unsigned mismatch
GameLoop.cpp(46): warning C4244: 'argument': conversion from 'float' to 'int', possible loss of data
GameLoop.cpp(49): warning C4244: '+=': conversion from 'float' to 'int', possible loss of data
GameLoop.cpp(58): warning C4018: '<': signed/unsigned mismatch
GameLoop.cpp(61): warning C4244: 'argument': conversion from 'int' to 'float', possible loss of data
GameLoop.cpp(71): warning C4018: '<': signed/unsigned mismatch
GameLoop.cpp(73): warning C4018: '<': signed/unsigned mismatch
GameLoop.cpp(75): warning C4244: 'argument': conversion from 'float' to 'int', possible loss of data
GameLoop.cpp(78): warning C4244: '+=': conversion from 'float' to 'int', possible loss of data
GameLoop.cpp(87): warning C4018: '<': signed/unsigned mismatch
GameLoop.cpp(90): warning C4244: 'argument': conversion from 'int' to 'float', possible loss of data
GameLoop.cpp(102): warning C4018: '<': signed/unsigned mismatch
GameLoop.cpp(104): warning C4018: '<': signed/unsigned mismatch
GameLoop.cpp(106): warning C4244: 'argument': conversion from 'float' to 'int', possible loss of data
GameLoop.cpp(113): warning C4244: '+=': conversion from 'float' to 'int', possible loss of data
GameLoop.cpp(122): warning C4018: '<': signed/unsigned mismatch
GameLoop.cpp(125): warning C4244: 'argument': conversion from 'int' to 'float', possible loss of data
GameLoop.cpp(224): warning C4244: 'argument': conversion from 'float' to 'int', possible loss of data
GameLoop.cpp(231): warning C4018: '<': signed/unsigned mismatch
GameLoop.cpp(241): warning C4244: '-=': conversion from 'float' to 'int', possible loss of data
GameLoop.cpp(248): warning C4244: '-=': conversion from 'float' to 'int', possible loss of data
GameLoop.cpp(255): warning C4244: '-=': conversion from 'float' to 'int', possible loss of data
GameLoop.cpp(269): warning C4018: '<': signed/unsigned mismatch
GameLoop.cpp(272): warning C4244: 'argument': conversion from 'int' to 'float', possible loss of data
GameLoop.cpp(283): warning C4018: '<': signed/unsigned mismatch
GameLoop.cpp(291): warning C4838: conversion from 'float' to 'int' requires a narrowing conversion
GameLoop.cpp(291): warning C4244: 'initializing': conversion from 'float' to 'int', possible loss of data
GameLoop.cpp(292): warning C4244: 'argument': conversion from 'float' to 'int', possible loss of data
GameLoop.cpp(312): warning C4244: 'argument': conversion from 'float' to 'int', possible loss of data
GameLoop.cpp(329): warning C4244: '=': conversion from 'double' to 'int', possible loss of data
GameLoop.cpp(330): warning C4244: '=': conversion from 'double' to 'int', possible loss of data
GameLoop.cpp(331): warning C4244: '=': conversion from 'double' to 'int', possible loss of data
GameLoop.cpp(807): warning C4244: '=': conversion from 'Uint32' to 'float', possible loss of data
GameLoop.cpp(813): warning C4244: '=': conversion from 'float' to 'int', possible loss of data
GameLoop.cpp(814): warning C4244: '=': conversion from 'float' to 'int', possible loss of data
GameLoop.cpp(1029): warning C4244: '=': conversion from 'double' to 'float', possible loss of data
GameLoop.cpp(1038): warning C4244: 'argument': conversion from 'float' to 'Uint32', possible loss of data
GameLoop.cpp(1265): warning C4244: '+=': conversion from 'double' to 'int', possible loss of data
GameLoop.cpp(1273): warning C4244: '+=': conversion from 'float' to 'int', possible loss of data
GameLoop.cpp(1423): warning C4244: 'return': conversion from 'double' to 'float', possible loss of data
  Missiles.cpp
c:\users\user\documents\visual studio 2015\projects\summerproject\summerproject\summerproject\Settings.h(152): warning C4091: 'static ': ignored on left of 'Settings' when no variable is declared
Missiles.cpp(6): warning C4244: '=': conversion from 'int' to 'float', possible loss of data
Missiles.cpp(7): warning C4244: '=': conversion from 'int' to 'float', possible loss of data
Missiles.cpp(8): warning C4244: '=': conversion from 'int' to 'float', possible loss of data
Missiles.cpp(33): warning C4244: '=': conversion from 'int' to 'float', possible loss of data
Missiles.cpp(33): warning C4244: '=': conversion from 'float' to 'int', possible loss of data
Missiles.cpp(34): warning C4244: '=': conversion from 'int' to 'float', possible loss of data
Missiles.cpp(34): warning C4244: '=': conversion from 'float' to 'int', possible loss of data
Missiles.cpp(37): warning C4244: '=': conversion from 'int' to 'float', possible loss of data
Missiles.cpp(43): warning C4244: 'initializing': conversion from 'int' to 'float', possible loss of data
Missiles.cpp(48): warning C4244: '=': conversion from 'int' to 'float', possible loss of data
Missiles.cpp(49): warning C4244: '=': conversion from 'int' to 'float', possible loss of data
Missiles.cpp(53): warning C4018: '<': signed/unsigned mismatch
Missiles.cpp(61): warning C4244: '=': conversion from 'int' to 'float', possible loss of data
Missiles.cpp(62): warning C4244: '=': conversion from 'int' to 'float', possible loss of data
Missiles.cpp(74): warning C4244: '=': conversion from 'double' to 'float', possible loss of data
Missiles.cpp(77): warning C4244: '+=': conversion from 'double' to 'float', possible loss of data
Missiles.cpp(78): warning C4244: '+=': conversion from 'double' to 'float', possible loss of data
Missiles.cpp(87): warning C4244: '=': conversion from 'float' to 'int', possible loss of data
Missiles.cpp(88): warning C4244: '=': conversion from 'float' to 'int', possible loss of data
Missiles.cpp(92): warning C4244: '=': conversion from 'float' to 'int', possible loss of data
Missiles.cpp(93): warning C4244: '=': conversion from 'float' to 'int', possible loss of data
Missiles.cpp(189): warning C4244: 'argument': conversion from 'int' to 'float', possible loss of data
Missiles.cpp(196): warning C4244: 'argument': conversion from 'int' to 'float', possible loss of data
  Settings.cpp
c:\users\user\documents\visual studio 2015\projects\summerproject\summerproject\summerproject\Settings.h(152): warning C4091: 'static ': ignored on left of 'Settings' when no variable is declared
  main.cpp
c:\users\user\documents\visual studio 2015\projects\summerproject\summerproject\summerproject\Settings.h(152): warning C4091: 'static ': ignored on left of 'Settings' when no variable is declared
  Generating code
  17 of 963 functions ( 1.8%) were compiled, the rest were copied from previous compilation.
    0 functions were new in current compilation
    2 functions had inline decision re-evaluated but remain unchanged
  Finished generating code
  SummerProject.vcxproj -> C:\Users\User\Documents\Visual Studio 2015\Projects\SummerProject\SummerProject\Release\SummerProject.exe
